[2026-05-28 02:15:18] local.INFO: Broadcasting auth request {"user_id":31,"role":"plumber","channel_name":"private-plumbers.7","socket_id":"828196418.290446165"} 
[2026-05-28 02:15:18] local.INFO: CHANNEL AUTH {"user_id":31,"role":"plumber","relationship_profile_id":7,"requested_channel":"7"} 
[2026-05-28 02:15:29] local.INFO: Matching plumbers for booking 20: 4 found  
[2026-05-28 02:15:29] local.INFO: Notifying top 4 plumbers for booking 20  
[2026-05-28 02:15:30] local.INFO: Broadcasting booking 20 to plumber 5  
[2026-05-28 02:15:30] local.INFO: Broadcasting booking 20 to plumber 11  
[2026-05-28 02:15:30] local.INFO: Broadcasting booking 20 to plumber 7  
[2026-05-28 02:15:30] local.INFO: Broadcasting booking 20 to plumber 10  
[2026-05-28 02:15:30] local.INFO: Broadcast booking 20 to 4 plumbers  
[2026-05-28 04:30:05] testing.ERROR: Failed to create broadcaster for connection "reverb" with error: Pusher\Pusher::__construct(): Argument #1 ($auth_key) must be of type string, null given, called in C:\xampp\htdocs\PlumbNepal\vendor\laravel\framework\src\Illuminate\Broadcasting\BroadcastManager.php on line 373. {"exception":"[object] (RuntimeException(code: 0): Failed to create broadcaster for connection \"reverb\" with error: Pusher\\Pusher::__construct(): Argument #1 ($auth_key) must be of type string, null given, called in C:\\xampp\\htdocs\\PlumbNepal\\vendor\\laravel\\framework\\src\\Illuminate\\Broadcasting\\BroadcastManager.php on line 373. at C:/xampp/htdocs/PlumbNepal/vendor/laravel/framework/src/Illuminate/Broadcasting/BroadcastManager.php:317)
[stacktrace]
#0 C:/xampp/htdocs/PlumbNepal/vendor/laravel/framework/src/Illuminate/Broadcasting/BroadcastManager.php(284): Illuminate/Broadcasting/BroadcastManager->resolve('reverb')
#1 C:/xampp/htdocs/PlumbNepal/vendor/laravel/framework/src/Illuminate/Broadcasting/BroadcastManager.php(273): Illuminate/Broadcasting/BroadcastManager->get('reverb')
#2 C:/xampp/htdocs/PlumbNepal/vendor/laravel/framework/src/Illuminate/Broadcasting/BroadcastManager.php(579): Illuminate/Broadcasting/BroadcastManager->driver()
#3 C:/xampp/htdocs/PlumbNepal/vendor/laravel/framework/src/Illuminate/Support/Facades/Facade.php(363): Illuminate/Broadcasting/BroadcastManager->__call('channel', Array)
#4 C:/xampp/htdocs/PlumbNepal/routes/channels.php(15): Illuminate/Support/Facades/Facade::__callStatic('channel', Array)
#5 C:/xampp/htdocs/PlumbNepal/app/Providers/BroadcastServiceProvider.php(12): require('C://xampp//htdocs...')
#6 C:/xampp/htdocs/PlumbNepal/vendor/laravel/framework/src/Illuminate/Container/BoundMethod.php(36): App/Providers/BroadcastServiceProvider->boot()
#7 C:/xampp/htdocs/PlumbNepal/vendor/laravel/framework/src/Illuminate/Container/Util.php(43): Illuminate/Container/BoundMethod::{closure:Illuminate/Container/BoundMethod::call():35}()
#8 C:/xampp/htdocs/PlumbNepal/vendor/laravel/framework/src/Illuminate/Container/BoundMethod.php(96): Illuminate/Container/Util::unwrapIfClosure(Object(Closure))
#9 C:/xampp/htdocs/PlumbNepal/vendor/laravel/framework/src/Illuminate/Container/BoundMethod.php(35): Illuminate/Container/BoundMethod::callBoundMethod(Object(Illuminate/Foundation/Application), Array, Object(Closure))
#10 C:/xampp/htdocs/PlumbNepal/vendor/laravel/framework/src/Illuminate/Container/Container.php(799): Illuminate/Container/BoundMethod::call(Object(Illuminate/Foundation/Application), Array, Array, NULL)
#11 C:/xampp/htdocs/PlumbNepal/vendor/laravel/framework/src/Illuminate/Foundation/Application.php(1151): Illuminate/Container/Container->call(Array)
#12 C:/xampp/htdocs/PlumbNepal/vendor/laravel/framework/src/Illuminate/Foundation/Application.php(1132): Illuminate/Foundation/Application->bootProvider(Object(App/Providers/BroadcastServiceProvider))
#13 [internal function]: Illuminate/Foundation/Application->{closure:Illuminate/Foundation/Application::boot():1131}(Object(App/Providers/BroadcastServiceProvider), 'App//Providers//B...')
#14 C:/xampp/htdocs/PlumbNepal/vendor/laravel/framework/src/Illuminate/Foundation/Application.php(1131): array_walk(Array, Object(Closure))
#15 C:/xampp/htdocs/PlumbNepal/vendor/laravel/framework/src/Illuminate/Foundation/Bootstrap/BootProviders.php(17): Illuminate/Foundation/Application->boot()
#16 C:/xampp/htdocs/PlumbNepal/vendor/laravel/framework/src/Illuminate/Foundation/Application.php(342): Illuminate/Foundation/Bootstrap/BootProviders->bootstrap(Object(Illuminate/Foundation/Application))
#17 C:/xampp/htdocs/PlumbNepal/vendor/laravel/framework/src/Illuminate/Foundation/Console/Kernel.php(494): Illuminate/Foundation/Application->bootstrapWith(Array)
#18 C:/xampp/htdocs/PlumbNepal/vendor/laravel/framework/src/Illuminate/Foundation/Console/Kernel.php(196): Illuminate/Foundation/Console/Kernel->bootstrap()
#19 C:/xampp/htdocs/PlumbNepal/artisan(12): Illuminate/Foundation/Console/Kernel->handle(Object(Symfony/Component/Console/Input/ArgvInput), Object(Symfony/Component/Console/Output/ConsoleOutput))
#20 {main}

[previous exception] [object] (TypeError(code: 0): Pusher\\Pusher::__construct(): Argument #1 ($auth_key) must be of type string, null given, called in C:\\xampp\\htdocs\\PlumbNepal\\vendor\\laravel\\framework\\src\\Illuminate\\Broadcasting\\BroadcastManager.php on line 373 at C:/xampp/htdocs/PlumbNepal/vendor/pusher/pusher-php-server/src/Pusher.php:63)
[stacktrace]
#0 C:/xampp/htdocs/PlumbNepal/vendor/laravel/framework/src/Illuminate/Broadcasting/BroadcastManager.php(373): Pusher/Pusher->__construct(NULL, NULL, NULL, Array, Object(GuzzleHttp/Client))
#1 C:/xampp/htdocs/PlumbNepal/vendor/laravel/framework/src/Illuminate/Broadcasting/BroadcastManager.php(351): Illuminate/Broadcasting/BroadcastManager->pusher(Array)
#2 C:/xampp/htdocs/PlumbNepal/vendor/laravel/framework/src/Illuminate/Broadcasting/BroadcastManager.php(340): Illuminate/Broadcasting/BroadcastManager->createPusherDriver(Array)
#3 C:/xampp/htdocs/PlumbNepal/vendor/laravel/framework/src/Illuminate/Broadcasting/BroadcastManager.php(315): Illuminate/Broadcasting/BroadcastManager->createReverbDriver(Array)
#4 C:/xampp/htdocs/PlumbNepal/vendor/laravel/framework/src/Illuminate/Broadcasting/BroadcastManager.php(284): Illuminate/Broadcasting/BroadcastManager->resolve('reverb')
#5 C:/xampp/htdocs/PlumbNepal/vendor/laravel/framework/src/Illuminate/Broadcasting/BroadcastManager.php(273): Illuminate/Broadcasting/BroadcastManager->get('reverb')
#6 C:/xampp/htdocs/PlumbNepal/vendor/laravel/framework/src/Illuminate/Broadcasting/BroadcastManager.php(579): Illuminate/Broadcasting/BroadcastManager->driver()
#7 C:/xampp/htdocs/PlumbNepal/vendor/laravel/framework/src/Illuminate/Support/Facades/Facade.php(363): Illuminate/Broadcasting/BroadcastManager->__call('channel', Array)
#8 C:/xampp/htdocs/PlumbNepal/routes/channels.php(15): Illuminate/Support/Facades/Facade::__callStatic('channel', Array)
#9 C:/xampp/htdocs/PlumbNepal/app/Providers/BroadcastServiceProvider.php(12): require('C://xampp//htdocs...')
#10 C:/xampp/htdocs/PlumbNepal/vendor/laravel/framework/src/Illuminate/Container/BoundMethod.php(36): App/Providers/BroadcastServiceProvider->boot()
#11 C:/xampp/htdocs/PlumbNepal/vendor/laravel/framework/src/Illuminate/Container/Util.php(43): Illuminate/Container/BoundMethod::{closure:Illuminate/Container/BoundMethod::call():35}()
#12 C:/xampp/htdocs/PlumbNepal/vendor/laravel/framework/src/Illuminate/Container/BoundMethod.php(96): Illuminate/Container/Util::unwrapIfClosure(Object(Closure))
#13 C:/xampp/htdocs/PlumbNepal/vendor/laravel/framework/src/Illuminate/Container/BoundMethod.php(35): Illuminate/Container/BoundMethod::callBoundMethod(Object(Illuminate/Foundation/Application), Array, Object(Closure))
#14 C:/xampp/htdocs/PlumbNepal/vendor/laravel/framework/src/Illuminate/Container/Container.php(799): Illuminate/Container/BoundMethod::call(Object(Illuminate/Foundation/Application), Array, Array, NULL)
#15 C:/xampp/htdocs/PlumbNepal/vendor/laravel/framework/src/Illuminate/Foundation/Application.php(1151): Illuminate/Container/Container->call(Array)
#16 C:/xampp/htdocs/PlumbNepal/vendor/laravel/framework/src/Illuminate/Foundation/Application.php(1132): Illuminate/Foundation/Application->bootProvider(Object(App/Providers/BroadcastServiceProvider))
#17 [internal function]: Illuminate/Foundation/Application->{closure:Illuminate/Foundation/Application::boot():1131}(Object(App/Providers/BroadcastServiceProvider), 'App//Providers//B...')
#18 C:/xampp/htdocs/PlumbNepal/vendor/laravel/framework/src/Illuminate/Foundation/Application.php(1131): array_walk(Array, Object(Closure))
#19 C:/xampp/htdocs/PlumbNepal/vendor/laravel/framework/src/Illuminate/Foundation/Bootstrap/BootProviders.php(17): Illuminate/Foundation/Application->boot()
#20 C:/xampp/htdocs/PlumbNepal/vendor/laravel/framework/src/Illuminate/Foundation/Application.php(342): Illuminate/Foundation/Bootstrap/BootProviders->bootstrap(Object(Illuminate/Foundation/Application))
#21 C:/xampp/htdocs/PlumbNepal/vendor/laravel/framework/src/Illuminate/Foundation/Console/Kernel.php(494): Illuminate/Foundation/Application->bootstrapWith(Array)
#22 C:/xampp/htdocs/PlumbNepal/vendor/laravel/framework/src/Illuminate/Foundation/Console/Kernel.php(196): Illuminate/Foundation/Console/Kernel->bootstrap()
#23 C:/xampp/htdocs/PlumbNepal/artisan(12): Illuminate/Foundation/Console/Kernel->handle(Object(Symfony/Component/Console/Input/ArgvInput), Object(Symfony/Component/Console/Output/ConsoleOutput))
#24 {main}
"} 
[2026-05-28 04:31:21] testing.ERROR: Failed to create broadcaster for connection "reverb" with error: Pusher\Pusher::__construct(): Argument #1 ($auth_key) must be of type string, null given, called in C:\xampp\htdocs\PlumbNepal\vendor\laravel\framework\src\Illuminate\Broadcasting\BroadcastManager.php on line 373. {"exception":"[object] (RuntimeException(code: 0): Failed to create broadcaster for connection \"reverb\" with error: Pusher\\Pusher::__construct(): Argument #1 ($auth_key) must be of type string, null given, called in C:\\xampp\\htdocs\\PlumbNepal\\vendor\\laravel\\framework\\src\\Illuminate\\Broadcasting\\BroadcastManager.php on line 373. at C:/xampp/htdocs/PlumbNepal/vendor/laravel/framework/src/Illuminate/Broadcasting/BroadcastManager.php:317)
[stacktrace]
#0 C:/xampp/htdocs/PlumbNepal/vendor/laravel/framework/src/Illuminate/Broadcasting/BroadcastManager.php(284): Illuminate/Broadcasting/BroadcastManager->resolve('reverb')
#1 C:/xampp/htdocs/PlumbNepal/vendor/laravel/framework/src/Illuminate/Broadcasting/BroadcastManager.php(273): Illuminate/Broadcasting/BroadcastManager->get('reverb')
#2 C:/xampp/htdocs/PlumbNepal/vendor/laravel/framework/src/Illuminate/Broadcasting/BroadcastManager.php(579): Illuminate/Broadcasting/BroadcastManager->driver()
#3 C:/xampp/htdocs/PlumbNepal/vendor/laravel/framework/src/Illuminate/Support/Facades/Facade.php(363): Illuminate/Broadcasting/BroadcastManager->__call('channel', Array)
#4 C:/xampp/htdocs/PlumbNepal/routes/channels.php(15): Illuminate/Support/Facades/Facade::__callStatic('channel', Array)
#5 C:/xampp/htdocs/PlumbNepal/app/Providers/BroadcastServiceProvider.php(12): require('C://xampp//htdocs...')
#6 C:/xampp/htdocs/PlumbNepal/vendor/laravel/framework/src/Illuminate/Container/BoundMethod.php(36): App/Providers/BroadcastServiceProvider->boot()
#7 C:/xampp/htdocs/PlumbNepal/vendor/laravel/framework/src/Illuminate/Container/Util.php(43): Illuminate/Container/BoundMethod::{closure:Illuminate/Container/BoundMethod::call():35}()
#8 C:/xampp/htdocs/PlumbNepal/vendor/laravel/framework/src/Illuminate/Container/BoundMethod.php(96): Illuminate/Container/Util::unwrapIfClosure(Object(Closure))
#9 C:/xampp/htdocs/PlumbNepal/vendor/laravel/framework/src/Illuminate/Container/BoundMethod.php(35): Illuminate/Container/BoundMethod::callBoundMethod(Object(Illuminate/Foundation/Application), Array, Object(Closure))
#10 C:/xampp/htdocs/PlumbNepal/vendor/laravel/framework/src/Illuminate/Container/Container.php(799): Illuminate/Container/BoundMethod::call(Object(Illuminate/Foundation/Application), Array, Array, NULL)
#11 C:/xampp/htdocs/PlumbNepal/vendor/laravel/framework/src/Illuminate/Foundation/Application.php(1151): Illuminate/Container/Container->call(Array)
#12 C:/xampp/htdocs/PlumbNepal/vendor/laravel/framework/src/Illuminate/Foundation/Application.php(1132): Illuminate/Foundation/Application->bootProvider(Object(App/Providers/BroadcastServiceProvider))
#13 [internal function]: Illuminate/Foundation/Application->{closure:Illuminate/Foundation/Application::boot():1131}(Object(App/Providers/BroadcastServiceProvider), 'App//Providers//B...')
#14 C:/xampp/htdocs/PlumbNepal/vendor/laravel/framework/src/Illuminate/Foundation/Application.php(1131): array_walk(Array, Object(Closure))
#15 C:/xampp/htdocs/PlumbNepal/vendor/laravel/framework/src/Illuminate/Foundation/Bootstrap/BootProviders.php(17): Illuminate/Foundation/Application->boot()
#16 C:/xampp/htdocs/PlumbNepal/vendor/laravel/framework/src/Illuminate/Foundation/Application.php(342): Illuminate/Foundation/Bootstrap/BootProviders->bootstrap(Object(Illuminate/Foundation/Application))
#17 C:/xampp/htdocs/PlumbNepal/vendor/laravel/framework/src/Illuminate/Foundation/Console/Kernel.php(494): Illuminate/Foundation/Application->bootstrapWith(Array)
#18 C:/xampp/htdocs/PlumbNepal/vendor/laravel/framework/src/Illuminate/Foundation/Console/Kernel.php(196): Illuminate/Foundation/Console/Kernel->bootstrap()
#19 C:/xampp/htdocs/PlumbNepal/artisan(12): Illuminate/Foundation/Console/Kernel->handle(Object(Symfony/Component/Console/Input/ArgvInput), Object(Symfony/Component/Console/Output/ConsoleOutput))
#20 {main}

[previous exception] [object] (TypeError(code: 0): Pusher\\Pusher::__construct(): Argument #1 ($auth_key) must be of type string, null given, called in C:\\xampp\\htdocs\\PlumbNepal\\vendor\\laravel\\framework\\src\\Illuminate\\Broadcasting\\BroadcastManager.php on line 373 at C:/xampp/htdocs/PlumbNepal/vendor/pusher/pusher-php-server/src/Pusher.php:63)
[stacktrace]
#0 C:/xampp/htdocs/PlumbNepal/vendor/laravel/framework/src/Illuminate/Broadcasting/BroadcastManager.php(373): Pusher/Pusher->__construct(NULL, NULL, NULL, Array, Object(GuzzleHttp/Client))
#1 C:/xampp/htdocs/PlumbNepal/vendor/laravel/framework/src/Illuminate/Broadcasting/BroadcastManager.php(351): Illuminate/Broadcasting/BroadcastManager->pusher(Array)
#2 C:/xampp/htdocs/PlumbNepal/vendor/laravel/framework/src/Illuminate/Broadcasting/BroadcastManager.php(340): Illuminate/Broadcasting/BroadcastManager->createPusherDriver(Array)
#3 C:/xampp/htdocs/PlumbNepal/vendor/laravel/framework/src/Illuminate/Broadcasting/BroadcastManager.php(315): Illuminate/Broadcasting/BroadcastManager->createReverbDriver(Array)
#4 C:/xampp/htdocs/PlumbNepal/vendor/laravel/framework/src/Illuminate/Broadcasting/BroadcastManager.php(284): Illuminate/Broadcasting/BroadcastManager->resolve('reverb')
#5 C:/xampp/htdocs/PlumbNepal/vendor/laravel/framework/src/Illuminate/Broadcasting/BroadcastManager.php(273): Illuminate/Broadcasting/BroadcastManager->get('reverb')
#6 C:/xampp/htdocs/PlumbNepal/vendor/laravel/framework/src/Illuminate/Broadcasting/BroadcastManager.php(579): Illuminate/Broadcasting/BroadcastManager->driver()
#7 C:/xampp/htdocs/PlumbNepal/vendor/laravel/framework/src/Illuminate/Support/Facades/Facade.php(363): Illuminate/Broadcasting/BroadcastManager->__call('channel', Array)
#8 C:/xampp/htdocs/PlumbNepal/routes/channels.php(15): Illuminate/Support/Facades/Facade::__callStatic('channel', Array)
#9 C:/xampp/htdocs/PlumbNepal/app/Providers/BroadcastServiceProvider.php(12): require('C://xampp//htdocs...')
#10 C:/xampp/htdocs/PlumbNepal/vendor/laravel/framework/src/Illuminate/Container/BoundMethod.php(36): App/Providers/BroadcastServiceProvider->boot()
#11 C:/xampp/htdocs/PlumbNepal/vendor/laravel/framework/src/Illuminate/Container/Util.php(43): Illuminate/Container/BoundMethod::{closure:Illuminate/Container/BoundMethod::call():35}()
#12 C:/xampp/htdocs/PlumbNepal/vendor/laravel/framework/src/Illuminate/Container/BoundMethod.php(96): Illuminate/Container/Util::unwrapIfClosure(Object(Closure))
#13 C:/xampp/htdocs/PlumbNepal/vendor/laravel/framework/src/Illuminate/Container/BoundMethod.php(35): Illuminate/Container/BoundMethod::callBoundMethod(Object(Illuminate/Foundation/Application), Array, Object(Closure))
#14 C:/xampp/htdocs/PlumbNepal/vendor/laravel/framework/src/Illuminate/Container/Container.php(799): Illuminate/Container/BoundMethod::call(Object(Illuminate/Foundation/Application), Array, Array, NULL)
#15 C:/xampp/htdocs/PlumbNepal/vendor/laravel/framework/src/Illuminate/Foundation/Application.php(1151): Illuminate/Container/Container->call(Array)
#16 C:/xampp/htdocs/PlumbNepal/vendor/laravel/framework/src/Illuminate/Foundation/Application.php(1132): Illuminate/Foundation/Application->bootProvider(Object(App/Providers/BroadcastServiceProvider))
#17 [internal function]: Illuminate/Foundation/Application->{closure:Illuminate/Foundation/Application::boot():1131}(Object(App/Providers/BroadcastServiceProvider), 'App//Providers//B...')
#18 C:/xampp/htdocs/PlumbNepal/vendor/laravel/framework/src/Illuminate/Foundation/Application.php(1131): array_walk(Array, Object(Closure))
#19 C:/xampp/htdocs/PlumbNepal/vendor/laravel/framework/src/Illuminate/Foundation/Bootstrap/BootProviders.php(17): Illuminate/Foundation/Application->boot()
#20 C:/xampp/htdocs/PlumbNepal/vendor/laravel/framework/src/Illuminate/Foundation/Application.php(342): Illuminate/Foundation/Bootstrap/BootProviders->bootstrap(Object(Illuminate/Foundation/Application))
#21 C:/xampp/htdocs/PlumbNepal/vendor/laravel/framework/src/Illuminate/Foundation/Console/Kernel.php(494): Illuminate/Foundation/Application->bootstrapWith(Array)
#22 C:/xampp/htdocs/PlumbNepal/vendor/laravel/framework/src/Illuminate/Foundation/Console/Kernel.php(196): Illuminate/Foundation/Console/Kernel->bootstrap()
#23 C:/xampp/htdocs/PlumbNepal/artisan(12): Illuminate/Foundation/Console/Kernel->handle(Object(Symfony/Component/Console/Input/ArgvInput), Object(Symfony/Component/Console/Output/ConsoleOutput))
#24 {main}
"} 
[2026-05-28 04:31:57] testing.ERROR: Failed to create broadcaster for connection "reverb" with error: Pusher\Pusher::__construct(): Argument #1 ($auth_key) must be of type string, null given, called in C:\xampp\htdocs\PlumbNepal\vendor\laravel\framework\src\Illuminate\Broadcasting\BroadcastManager.php on line 373. {"exception":"[object] (RuntimeException(code: 0): Failed to create broadcaster for connection \"reverb\" with error: Pusher\\Pusher::__construct(): Argument #1 ($auth_key) must be of type string, null given, called in C:\\xampp\\htdocs\\PlumbNepal\\vendor\\laravel\\framework\\src\\Illuminate\\Broadcasting\\BroadcastManager.php on line 373. at C:/xampp/htdocs/PlumbNepal/vendor/laravel/framework/src/Illuminate/Broadcasting/BroadcastManager.php:317)
[stacktrace]
#0 C:/xampp/htdocs/PlumbNepal/vendor/laravel/framework/src/Illuminate/Broadcasting/BroadcastManager.php(284): Illuminate/Broadcasting/BroadcastManager->resolve('reverb')
#1 C:/xampp/htdocs/PlumbNepal/vendor/laravel/framework/src/Illuminate/Broadcasting/BroadcastManager.php(273): Illuminate/Broadcasting/BroadcastManager->get('reverb')
#2 C:/xampp/htdocs/PlumbNepal/vendor/laravel/framework/src/Illuminate/Broadcasting/BroadcastManager.php(579): Illuminate/Broadcasting/BroadcastManager->driver()
#3 C:/xampp/htdocs/PlumbNepal/vendor/laravel/framework/src/Illuminate/Support/Facades/Facade.php(363): Illuminate/Broadcasting/BroadcastManager->__call('channel', Array)
#4 C:/xampp/htdocs/PlumbNepal/routes/channels.php(15): Illuminate/Support/Facades/Facade::__callStatic('channel', Array)
#5 C:/xampp/htdocs/PlumbNepal/app/Providers/BroadcastServiceProvider.php(12): require('C://xampp//htdocs...')
#6 C:/xampp/htdocs/PlumbNepal/vendor/laravel/framework/src/Illuminate/Container/BoundMethod.php(36): App/Providers/BroadcastServiceProvider->boot()
#7 C:/xampp/htdocs/PlumbNepal/vendor/laravel/framework/src/Illuminate/Container/Util.php(43): Illuminate/Container/BoundMethod::{closure:Illuminate/Container/BoundMethod::call():35}()
#8 C:/xampp/htdocs/PlumbNepal/vendor/laravel/framework/src/Illuminate/Container/BoundMethod.php(96): Illuminate/Container/Util::unwrapIfClosure(Object(Closure))
#9 C:/xampp/htdocs/PlumbNepal/vendor/laravel/framework/src/Illuminate/Container/BoundMethod.php(35): Illuminate/Container/BoundMethod::callBoundMethod(Object(Illuminate/Foundation/Application), Array, Object(Closure))
#10 C:/xampp/htdocs/PlumbNepal/vendor/laravel/framework/src/Illuminate/Container/Container.php(799): Illuminate/Container/BoundMethod::call(Object(Illuminate/Foundation/Application), Array, Array, NULL)
#11 C:/xampp/htdocs/PlumbNepal/vendor/laravel/framework/src/Illuminate/Foundation/Application.php(1151): Illuminate/Container/Container->call(Array)
#12 C:/xampp/htdocs/PlumbNepal/vendor/laravel/framework/src/Illuminate/Foundation/Application.php(1132): Illuminate/Foundation/Application->bootProvider(Object(App/Providers/BroadcastServiceProvider))
#13 [internal function]: Illuminate/Foundation/Application->{closure:Illuminate/Foundation/Application::boot():1131}(Object(App/Providers/BroadcastServiceProvider), 'App//Providers//B...')
#14 C:/xampp/htdocs/PlumbNepal/vendor/laravel/framework/src/Illuminate/Foundation/Application.php(1131): array_walk(Array, Object(Closure))
#15 C:/xampp/htdocs/PlumbNepal/vendor/laravel/framework/src/Illuminate/Foundation/Bootstrap/BootProviders.php(17): Illuminate/Foundation/Application->boot()
#16 C:/xampp/htdocs/PlumbNepal/vendor/laravel/framework/src/Illuminate/Foundation/Application.php(342): Illuminate/Foundation/Bootstrap/BootProviders->bootstrap(Object(Illuminate/Foundation/Application))
#17 C:/xampp/htdocs/PlumbNepal/vendor/laravel/framework/src/Illuminate/Foundation/Console/Kernel.php(494): Illuminate/Foundation/Application->bootstrapWith(Array)
#18 C:/xampp/htdocs/PlumbNepal/vendor/laravel/framework/src/Illuminate/Foundation/Console/Kernel.php(196): Illuminate/Foundation/Console/Kernel->bootstrap()
#19 C:/xampp/htdocs/PlumbNepal/artisan(12): Illuminate/Foundation/Console/Kernel->handle(Object(Symfony/Component/Console/Input/ArgvInput), Object(Symfony/Component/Console/Output/ConsoleOutput))
#20 {main}

[previous exception] [object] (TypeError(code: 0): Pusher\\Pusher::__construct(): Argument #1 ($auth_key) must be of type string, null given, called in C:\\xampp\\htdocs\\PlumbNepal\\vendor\\laravel\\framework\\src\\Illuminate\\Broadcasting\\BroadcastManager.php on line 373 at C:/xampp/htdocs/PlumbNepal/vendor/pusher/pusher-php-server/src/Pusher.php:63)
[stacktrace]
#0 C:/xampp/htdocs/PlumbNepal/vendor/laravel/framework/src/Illuminate/Broadcasting/BroadcastManager.php(373): Pusher/Pusher->__construct(NULL, NULL, NULL, Array, Object(GuzzleHttp/Client))
#1 C:/xampp/htdocs/PlumbNepal/vendor/laravel/framework/src/Illuminate/Broadcasting/BroadcastManager.php(351): Illuminate/Broadcasting/BroadcastManager->pusher(Array)
#2 C:/xampp/htdocs/PlumbNepal/vendor/laravel/framework/src/Illuminate/Broadcasting/BroadcastManager.php(340): Illuminate/Broadcasting/BroadcastManager->createPusherDriver(Array)
#3 C:/xampp/htdocs/PlumbNepal/vendor/laravel/framework/src/Illuminate/Broadcasting/BroadcastManager.php(315): Illuminate/Broadcasting/BroadcastManager->createReverbDriver(Array)
#4 C:/xampp/htdocs/PlumbNepal/vendor/laravel/framework/src/Illuminate/Broadcasting/BroadcastManager.php(284): Illuminate/Broadcasting/BroadcastManager->resolve('reverb')
#5 C:/xampp/htdocs/PlumbNepal/vendor/laravel/framework/src/Illuminate/Broadcasting/BroadcastManager.php(273): Illuminate/Broadcasting/BroadcastManager->get('reverb')
#6 C:/xampp/htdocs/PlumbNepal/vendor/laravel/framework/src/Illuminate/Broadcasting/BroadcastManager.php(579): Illuminate/Broadcasting/BroadcastManager->driver()
#7 C:/xampp/htdocs/PlumbNepal/vendor/laravel/framework/src/Illuminate/Support/Facades/Facade.php(363): Illuminate/Broadcasting/BroadcastManager->__call('channel', Array)
#8 C:/xampp/htdocs/PlumbNepal/routes/channels.php(15): Illuminate/Support/Facades/Facade::__callStatic('channel', Array)
#9 C:/xampp/htdocs/PlumbNepal/app/Providers/BroadcastServiceProvider.php(12): require('C://xampp//htdocs...')
#10 C:/xampp/htdocs/PlumbNepal/vendor/laravel/framework/src/Illuminate/Container/BoundMethod.php(36): App/Providers/BroadcastServiceProvider->boot()
#11 C:/xampp/htdocs/PlumbNepal/vendor/laravel/framework/src/Illuminate/Container/Util.php(43): Illuminate/Container/BoundMethod::{closure:Illuminate/Container/BoundMethod::call():35}()
#12 C:/xampp/htdocs/PlumbNepal/vendor/laravel/framework/src/Illuminate/Container/BoundMethod.php(96): Illuminate/Container/Util::unwrapIfClosure(Object(Closure))
#13 C:/xampp/htdocs/PlumbNepal/vendor/laravel/framework/src/Illuminate/Container/BoundMethod.php(35): Illuminate/Container/BoundMethod::callBoundMethod(Object(Illuminate/Foundation/Application), Array, Object(Closure))
#14 C:/xampp/htdocs/PlumbNepal/vendor/laravel/framework/src/Illuminate/Container/Container.php(799): Illuminate/Container/BoundMethod::call(Object(Illuminate/Foundation/Application), Array, Array, NULL)
#15 C:/xampp/htdocs/PlumbNepal/vendor/laravel/framework/src/Illuminate/Foundation/Application.php(1151): Illuminate/Container/Container->call(Array)
#16 C:/xampp/htdocs/PlumbNepal/vendor/laravel/framework/src/Illuminate/Foundation/Application.php(1132): Illuminate/Foundation/Application->bootProvider(Object(App/Providers/BroadcastServiceProvider))
#17 [internal function]: Illuminate/Foundation/Application->{closure:Illuminate/Foundation/Application::boot():1131}(Object(App/Providers/BroadcastServiceProvider), 'App//Providers//B...')
#18 C:/xampp/htdocs/PlumbNepal/vendor/laravel/framework/src/Illuminate/Foundation/Application.php(1131): array_walk(Array, Object(Closure))
#19 C:/xampp/htdocs/PlumbNepal/vendor/laravel/framework/src/Illuminate/Foundation/Bootstrap/BootProviders.php(17): Illuminate/Foundation/Application->boot()
#20 C:/xampp/htdocs/PlumbNepal/vendor/laravel/framework/src/Illuminate/Foundation/Application.php(342): Illuminate/Foundation/Bootstrap/BootProviders->bootstrap(Object(Illuminate/Foundation/Application))
#21 C:/xampp/htdocs/PlumbNepal/vendor/laravel/framework/src/Illuminate/Foundation/Console/Kernel.php(494): Illuminate/Foundation/Application->bootstrapWith(Array)
#22 C:/xampp/htdocs/PlumbNepal/vendor/laravel/framework/src/Illuminate/Foundation/Console/Kernel.php(196): Illuminate/Foundation/Console/Kernel->bootstrap()
#23 C:/xampp/htdocs/PlumbNepal/artisan(12): Illuminate/Foundation/Console/Kernel->handle(Object(Symfony/Component/Console/Input/ArgvInput), Object(Symfony/Component/Console/Output/ConsoleOutput))
#24 {main}
"} 
